Build started 1/7/2016 2:10:26 PM.
     1>Project "D:\VSProjects\Personal Project\CombineEngine\CombineEngine\CombineEngine.vcxproj" on node 2 (Build target(s)).
     1>ClCompile:
         D:\Program Files (x86)\Microsoft Visual Studio 12.0\VC\bin\CL.exe /c /I"D:\VSProjects\Personal Project\CombineEngine\CombineEngine\\" /ZI /nologo /W3 /WX- /sdl /Od /Oy- /D WIN32 /D _DEBUG /D _CONSOLE /D _LIB /D _UNICODE /D UNICODE /Gm /EHsc /RTC1 /MDd /GS /fp:precise /Zc:wchar_t /Zc:forScope /Yc"stdafx.h" /Fp"Debug\CombineEngine.pch" /Fo"Debug\\" /Fd"Debug\vc120.pdb" /Gd /TP /analyze- /errorReport:prompt stdafx.cpp
         stdafx.cpp
     1>d:\vsprojects\personal project\combineengine\combineengine\scene\camera.h(11): warning C4305: 'initializing' : truncation from 'double' to 'const float'
     1>d:\vsprojects\personal project\combineengine\combineengine\scene\camera.h(12): warning C4305: 'initializing' : truncation from 'double' to 'const float'
     1>d:\vsprojects\personal project\combineengine\combineengine\scene\camera.h(13): warning C4305: 'initializing' : truncation from 'double' to 'const float'
     1>d:\vsprojects\personal project\combineengine\combineengine\scene\camera.h(14): warning C4305: 'initializing' : truncation from 'double' to 'const float'
     1>d:\vsprojects\personal project\combineengine\combineengine\scene\model.h(70): error C2143: syntax error : missing ';' before '*'
     1>d:\vsprojects\personal project\combineengine\combineengine\scene\model.h(70): error C4430: missing type specifier - int assumed. Note: C++ does not support default-int
     1>d:\vsprojects\personal project\combineengine\combineengine\scene\scene.h(17): error C2065: 'Controller' : undeclared identifier
     1>d:\vsprojects\personal project\combineengine\combineengine\scene\scene.h(17): error C2059: syntax error : '>'
     1>d:\vsprojects\personal project\combineengine\combineengine\scene\scene.h(17): error C2976: 'std::vector' : too few template arguments
                 d:\program files (x86)\microsoft visual studio 12.0\vc\include\vector(650) : see declaration of 'std::vector'
     1>d:\vsprojects\personal project\combineengine\combineengine\scene\scene.h(21): error C2143: syntax error : missing ';' before '*'
     1>d:\vsprojects\personal project\combineengine\combineengine\scene\scene.h(21): error C4430: missing type specifier - int assumed. Note: C++ does not support default-int
     1>d:\vsprojects\personal project\combineengine\combineengine\scene\scene.h(25): error C2143: syntax error : missing ';' before '*'
     1>d:\vsprojects\personal project\combineengine\combineengine\scene\scene.h(25): error C4430: missing type specifier - int assumed. Note: C++ does not support default-int
     1>d:\vsprojects\personal project\combineengine\combineengine\scene\scene.h(157): error C2061: syntax error : identifier 'Crowd'
     1>d:\vsprojects\personal project\combineengine\combineengine\scene\scene.h(51): error C2662: '_Vector_alloc<!std::is_empty<_Alloc_types::_Alloc>::value,std::_Vec_base_types<_Ty,_Alloc_types::_Alloc>>::size_type std::vector<_Ty,_Alloc>::size(void) throw() const' : cannot convert 'this' pointer from 'std::vector' to 'const std::vector<_Ty,_Alloc> &'
                 Reason: cannot convert from 'std::vector' to 'const std::vector<_Ty,_Alloc>'
                 Conversion requires a second user-defined-conversion operator or constructor
     1>d:\vsprojects\personal project\combineengine\combineengine\scene\scene.h(123): warning C4244: 'initializing' : conversion from 'float' to 'int', possible loss of data
     1>d:\vsprojects\personal project\combineengine\combineengine\scene\scene.h(154): error C2065: 'crowdControl' : undeclared identifier
     1>d:\vsprojects\personal project\combineengine\combineengine\scene\scene.h(154): error C2227: left of '->Update' must point to class/struct/union/generic type
                 type is 'unknown-type'
     1>d:\vsprojects\personal project\combineengine\combineengine\scene\scene.h(158): error C2065: 'crowdControl' : undeclared identifier
     1>d:\vsprojects\personal project\combineengine\combineengine\scene\scene.h(158): error C2065: 'pCrowControl' : undeclared identifier
     1>d:\vsprojects\personal project\combineengine\combineengine\physic\velocity.h(69): warning C4172: returning address of local variable or temporary
     1>d:\vsprojects\personal project\combineengine\combineengine\physic\velocity.h(76): warning C4172: returning address of local variable or temporary
     1>Done Building Project "D:\VSProjects\Personal Project\CombineEngine\CombineEngine\CombineEngine.vcxproj" (Build target(s)) -- FAILED.

Build FAILED.

Time Elapsed 00:00:01.52
